=== context chain ladder NPE=1 B=1 T=128 D=4096 ops=MASX train<=len3 test_lens=4,5,6 samples/test_len=128 runs=3 ===
workloads=89
/home/furiosa/바탕화면/pjh/npu_chip_project/.venv/lib/python3.10/site-packages/torch/xpu/__init__.py:62: UserWarning: XPU device count is zero! (Triggered internally at /pytorch/c10/xpu/XPUFunctions.cpp:113.)
  return torch._C._xpu_getDeviceCount()
[0001/0089 train single M       ] task=198.82us tu=144.01us dma=180.99us sto=0.00us
[0002/0089 train single A       ] task=17.04us tu=2.19us dma=14.79us sto=0.00us
[0003/0089 train single S       ] task=18.06us tu=6.83us dma=11.17us sto=0.00us
[0004/0089 train single X       ] task=19.22us tu=4.30us dma=14.86us sto=0.00us
[0005/0089 train double MM      ] task=381.03us tu=286.64us dma=363.19us sto=0.00us
[0006/0089 train double MA      ] task=202.04us tu=147.17us dma=186.67us sto=0.00us
[0007/0089 train double MS      ] task=207.28us tu=151.31us dma=182.01us sto=0.00us
[0008/0089 train double MX      ] task=203.88us tu=149.28us dma=186.31us sto=0.00us
[0009/0089 train double AM      ] task=204.95us tu=147.24us dma=187.26us sto=0.00us
[0010/0089 train double AA      ] task=22.29us tu=4.37us dma=20.04us sto=0.00us
[0011/0089 train double AS      ] task=25.99us tu=9.16us dma=16.77us sto=0.00us
[0012/0089 train double AX      ] task=24.32us tu=6.49us dma=19.97us sto=0.00us
[0013/0089 train double SM      ] task=198.50us tu=151.95us dma=180.81us sto=0.00us
[0014/0089 train double SA      ] task=22.29us tu=10.30us dma=16.74us sto=0.00us
[0015/0089 train double SS      ] task=24.91us tu=13.67us dma=11.18us sto=0.00us
[0016/0089 train double SX      ] task=23.33us tu=11.34us dma=16.75us sto=0.00us
[0017/0089 train double XM      ] task=204.71us tu=149.35us dma=187.02us sto=0.00us
[0018/0089 train double XA      ] task=22.48us tu=6.49us dma=20.24us sto=0.00us
[0019/0089 train double XS      ] task=28.10us tu=11.28us dma=16.78us sto=0.00us
[0020/0089 train double XX      ] task=24.61us tu=8.60us dma=20.26us sto=0.00us
[0021/0089 train triple MMM     ] task=543.24us tu=481.04us dma=524.30us sto=0.00us
[0022/0089 train triple MMA     ] task=384.64us tu=289.79us dma=369.16us sto=0.00us
[0023/0089 train triple MMS     ] task=389.71us tu=294.08us dma=364.44us sto=0.00us
[0024/0089 train triple MMX     ] task=386.67us tu=291.90us dma=369.10us sto=0.00us
[0025/0089 train triple MAM     ] task=385.29us tu=291.22us dma=367.43us sto=0.00us
[0026/0089 train triple MAA     ] task=204.67us tu=148.83us dma=193.42us sto=0.00us
[0027/0089 train triple MAS     ] task=209.58us tu=153.48us dma=188.07us sto=0.00us
[0028/0089 train triple MAX     ] task=207.07us tu=150.95us dma=193.73us sto=0.00us
[0029/0089 train triple MSM     ] task=384.26us tu=295.33us dma=362.81us sto=0.00us
[0030/0089 train triple MSA     ] task=210.35us tu=154.27us dma=187.91us sto=0.00us
[0031/0089 train triple MSS     ] task=214.01us tu=158.15us dma=181.91us sto=0.00us
[0032/0089 train triple MSX     ] task=211.37us tu=155.31us dma=187.85us sto=0.00us
[0033/0089 train triple MXM     ] task=385.44us tu=293.29us dma=367.58us sto=0.00us
[0034/0089 train triple MXA     ] task=206.73us tu=150.95us dma=193.62us sto=0.00us
[0035/0089 train triple MXS     ] task=211.55us tu=155.60us dma=187.93us sto=0.00us
[0036/0089 train triple MXX     ] task=208.94us tu=153.06us dma=193.51us sto=0.00us
[0037/0089 train triple AMM     ] task=387.17us tu=289.85us dma=369.49us sto=0.00us
[0038/0089 train triple AMA     ] task=207.85us tu=150.38us dma=192.64us sto=0.00us
[0039/0089 train triple AMS     ] task=213.25us tu=154.51us dma=188.15us sto=0.00us
[0040/0089 train triple AMX     ] task=210.10us tu=152.50us dma=192.75us sto=0.00us
[0041/0089 train triple AAM     ] task=210.23us tu=149.42us dma=192.52us sto=0.00us
[0042/0089 train triple AAA     ] task=27.79us tu=6.56us dma=25.54us sto=0.00us
[0043/0089 train triple AAS     ] task=31.55us tu=11.35us dma=22.33us sto=0.00us
[0044/0089 train triple AAX     ] task=29.72us tu=8.67us dma=25.36us sto=0.00us
[0045/0089 train triple ASM     ] task=204.44us tu=155.17us dma=186.75us sto=0.00us
[0046/0089 train triple ASA     ] task=29.58us tu=12.65us dma=22.46us sto=0.00us
[0047/0089 train triple ASS     ] task=32.65us tu=15.86us dma=16.73us sto=0.00us
[0048/0089 train triple ASX     ] task=30.27us tu=13.53us dma=22.33us sto=0.00us
[0049/0089 train triple AXM     ] task=210.44us tu=151.53us dma=192.73us sto=0.00us
[0050/0089 train triple AXA     ] task=27.57us tu=8.67us dma=25.32us sto=0.00us
[0051/0089 train triple AXS     ] task=33.64us tu=13.46us dma=22.31us sto=0.00us
[0052/0089 train triple AXX     ] task=29.60us tu=10.79us dma=25.24us sto=0.00us
[0053/0089 train triple SMM     ] task=380.98us tu=294.58us dma=363.29us sto=0.00us
[0054/0089 train triple SMA     ] task=201.56us tu=155.11us dma=186.41us sto=0.00us
[0055/0089 train triple SMS     ] task=207.01us tu=159.26us dma=181.90us sto=0.00us
[0056/0089 train triple SMX     ] task=203.83us tu=157.23us dma=186.41us sto=0.00us
[0057/0089 train triple SAM     ] task=203.76us tu=157.34us dma=186.06us sto=0.00us
[0058/0089 train triple SAA     ] task=35.93us tu=20.81us dma=22.38us sto=0.00us
[0059/0089 train triple SAS     ] task=30.28us tu=18.11us dma=16.86us sto=0.00us
[0060/0089 train triple SAX     ] task=35.69us tu=20.67us dma=22.30us sto=0.00us
[0061/0089 train triple SSM     ] task=198.52us tu=159.90us dma=180.83us sto=0.00us
[0062/0089 train triple SSA     ] task=28.24us tu=16.94us dma=17.04us sto=0.00us
[0063/0089 train triple SSS     ] task=31.68us tu=20.52us dma=11.11us sto=0.00us
[0064/0089 train triple SSX     ] task=28.93us tu=17.78us dma=16.75us sto=0.00us
[0065/0089 train triple SXM     ] task=203.89us tu=157.89us dma=186.20us sto=0.00us
[0066/0089 train triple SXA     ] task=36.33us tu=19.15us dma=22.40us sto=0.00us
[0067/0089 train triple SXS     ] task=30.33us tu=18.32us dma=16.74us sto=0.00us
[0068/0089 train triple SXX     ] task=36.23us tu=19.08us dma=22.38us sto=0.00us
[0069/0089 train triple XMM     ] task=387.34us tu=291.95us dma=369.65us sto=0.00us
[0070/0089 train triple XMA     ] task=207.99us tu=152.49us dma=192.68us sto=0.00us
[0071/0089 train triple XMS     ] task=213.17us tu=156.63us dma=188.05us sto=0.00us
[0072/0089 train triple XMX     ] task=209.99us tu=154.61us dma=192.70us sto=0.00us
[0073/0089 train triple XAM     ] task=210.41us tu=151.53us dma=192.71us sto=0.00us
[0074/0089 train triple XAA     ] task=27.66us tu=8.67us dma=25.41us sto=0.00us
[0075/0089 train triple XAS     ] task=31.54us tu=13.46us dma=22.32us sto=0.00us
[0076/0089 train triple XAX     ] task=29.65us tu=10.78us dma=25.29us sto=0.00us
[0077/0089 train triple XSM     ] task=204.67us tu=157.28us dma=186.99us sto=0.00us
[0078/0089 train triple XSA     ] task=31.42us tu=14.68us dma=22.33us sto=0.00us
[0079/0089 train triple XSS     ] task=34.77us tu=17.98us dma=16.75us sto=0.00us
[0080/0089 train triple XSX     ] task=32.51us tu=15.64us dma=22.46us sto=0.00us
[0081/0089 train triple XXM     ] task=210.44us tu=153.64us dma=192.73us sto=0.00us
[0082/0089 train triple XXA     ] task=27.65us tu=10.79us dma=25.40us sto=0.00us
[0083/0089 train triple XXS     ] task=33.86us tu=15.57us dma=22.53us sto=0.00us
[0084/0089 train triple XXX     ] task=29.72us tu=12.89us dma=25.36us sto=0.00us
[0085/0089 test  quad   MXMA    ] task=388.72us tu=296.47us dma=373.24us sto=0.00us
[0086/0089 test  quad   MSMM    ] task=567.12us tu=437.92us dma=545.66us sto=0.00us
[0087/0089 test  quad   SMMA    ] task=384.49us tu=297.75us dma=369.20us sto=0.00us
[0088/0089 test  len5   MSMMA   ] task=568.48us tu=441.11us dma=550.21us sto=0.00us
[0089/0089 test  len5   MSMAA   ] task=392.41us tu=300.14us dma=375.55us sto=0.00us

[DONE] /home/furiosa/바탕화면/pjh/rngd/profiling/primitive_ladder/context_chain_ladder_tp1_op4_results.csv (89 rows)
CCL_DONE
