=== primitive ladder TP=1 B=1 T=128 D=256 len=1..4 runs=3 ===
/home/furiosa/바탕화면/pjh/npu_chip_project/.venv/lib/python3.10/site-packages/torch/xpu/__init__.py:62: UserWarning: XPU device count is zero! (Triggered internally at /pytorch/c10/xpu/XPUFunctions.cpp:113.)
  return torch._C._xpu_getDeviceCount()
[single M   ] task=6.83us tu=5.37us dma=2.47us
[single A   ] task=2.43us tu=0.27us dma=2.11us
[single S   ] task=2.65us tu=1.07us dma=1.53us
[double MM  ] task=11.18us tu=9.74us dma=4.16us
[double MA  ] task=7.09us tu=5.64us dma=3.31us
[double MS  ] task=10.14us tu=7.82us dma=2.68us
[double AM  ] task=7.92us tu=5.64us dma=3.29us
[double AA  ] task=3.23us tu=0.53us dma=2.90us
[double AS  ] task=3.78us tu=1.43us dma=2.29us
[double SM  ] task=13.52us tu=12.06us dma=2.45us
[double SA  ] task=3.14us tu=1.56us dma=2.35us
[double SS  ] task=9.12us tu=7.31us dma=1.54us
[triple MMM ] task=14.58us tu=6.13us dma=7.08us
[triple MMA ] task=11.72us tu=10.02us dma=5.42us
[triple MMS ] task=15.95us tu=13.68us dma=4.11us
[triple MAM ] task=13.16us tu=10.96us dma=4.60us
[triple MAA ] task=7.52us tu=6.06us dma=3.86us
[triple MAS ] task=10.85us tu=8.48us dma=3.79us
[triple MSM ] task=15.61us tu=13.42us dma=3.98us
[triple MSA ] task=8.90us tu=6.61us dma=3.68us
[triple MSS ] task=11.41us tu=9.10us dma=2.64us
[triple AMM ] task=11.91us tu=4.84us dma=6.29us
[triple AMA ] task=8.19us tu=5.91us dma=4.01us
[triple AMS ] task=10.64us tu=7.95us dma=3.46us
[triple AAM ] task=9.34us tu=5.91us dma=4.12us
[triple AAA ] task=4.01us tu=0.80us dma=3.68us
[triple AAS ] task=4.63us tu=1.68us dma=3.14us
[triple ASM ] task=12.57us tu=10.17us dma=3.27us
[triple ASA ] task=9.30us tu=6.94us dma=3.14us
[triple ASS ] task=9.63us tu=6.96us dma=2.31us
[triple SMM ] task=11.96us tu=5.87us dma=5.06us
[triple SMA ] task=8.31us tu=6.85us dma=3.21us
[triple SMS ] task=11.49us tu=9.97us dma=2.62us
[triple SAM ] task=8.59us tu=7.08us dma=3.34us
[triple SAA ] task=4.95us tu=2.32us dma=3.20us
[triple SAS ] task=4.24us tu=2.64us dma=2.46us
[triple SSM ] task=9.28us tu=7.72us dma=2.51us
[triple SSA ] task=4.34us tu=2.75us dma=2.37us
[triple SSS ] task=10.09us tu=8.51us dma=1.52us
[quad   MMMM] task=18.46us tu=7.74us dma=9.23us
[quad   MMMA] task=15.28us tu=13.83us dma=7.09us
[quad   MMMS] task=18.83us tu=17.32us dma=6.48us
[quad   MMAM] task=14.80us tu=6.40us dma=8.39us
[quad   MMAA] task=14.17us tu=12.73us dma=6.15us
[quad   MMAS] task=14.21us tu=11.94us dma=4.87us
[quad   MMSM] task=18.99us tu=16.80us dma=5.18us
[quad   MMSA] task=14.03us tu=11.73us dma=5.09us
[quad   MMSS] task=17.32us tu=15.04us dma=4.11us
[quad   MAMM] task=17.11us tu=8.73us dma=8.03us
[quad   MAMA] task=14.21us tu=12.02us dma=5.03us
[quad   MAMS] task=16.40us tu=12.07us dma=4.82us
[quad   MAAM] task=14.27us tu=12.07us dma=5.25us
[quad   MAAA] task=7.80us tu=6.31us dma=5.00us
[quad   MAAS] task=11.19us tu=8.91us dma=4.66us
[quad   MASM] task=16.46us tu=14.26us dma=4.64us
[quad   MASA] task=9.23us tu=6.94us dma=4.48us
[quad   MASS] task=10.28us tu=8.02us dma=3.71us
[quad   MSMM] task=17.82us tu=10.92us dma=6.41us
[quad   MSMA] task=14.31us tu=11.94us dma=4.67us
[quad   MSMS] task=15.08us tu=12.82us dma=4.08us
[quad   MSAM] task=14.57us tu=12.25us dma=4.76us
[quad   MSAA] task=12.44us tu=10.10us dma=4.49us
[quad   MSAS] task=12.68us tu=10.42us dma=3.66us
[quad   MSSM] task=16.96us tu=14.77us dma=4.00us
[quad   MSSA] task=10.61us tu=8.06us dma=3.84us
[quad   MSSS] task=12.57us tu=10.30us dma=2.63us
[quad   AMMM] task=15.69us tu=6.46us dma=7.85us
[quad   AMMA] task=13.64us tu=11.02us dma=5.73us
[quad   AMMS] task=14.55us tu=11.86us dma=4.93us
[quad   AMAM] task=13.84us tu=11.23us dma=5.44us
[quad   AMAA] task=8.46us tu=6.17us dma=4.70us
[quad   AMAS] task=9.83us tu=7.10us dma=4.56us
[quad   AMSM] task=14.57us tu=11.96us dma=4.81us
[quad   AMSA] task=9.72us tu=6.88us dma=4.52us
[quad   AMSS] task=12.06us tu=9.37us dma=3.48us
[quad   AAMM] task=13.68us tu=6.19us dma=7.05us
[quad   AAMA] task=9.07us tu=6.17us dma=4.85us
[quad   AAMS] task=15.57us tu=12.31us dma=4.29us
[quad   AAAM] task=12.67us tu=9.04us dma=5.15us
[quad   AAAA] task=4.85us tu=1.07us dma=4.52us
[quad   AAAS] task=9.49us tu=5.99us dma=3.99us
[quad   AASM] task=10.75us tu=7.90us dma=4.26us
[quad   AASA] task=9.75us tu=6.56us dma=4.28us
[quad   AASS] task=5.82us tu=2.88us dma=3.14us
[quad   ASMM] task=16.57us tu=7.10us dma=5.72us
[quad   ASMA] task=9.46us tu=7.19us dma=4.04us
[quad   ASMS] task=15.86us tu=13.50us dma=3.45us
[quad   ASAM] task=14.79us tu=12.52us dma=4.10us
[quad   ASAA] task=10.80us tu=2.91us dma=3.97us
[quad   ASAS] task=10.39us tu=7.81us dma=3.27us
[quad   ASSM] task=10.26us tu=7.99us dma=3.27us
[quad   ASSA] task=10.59us tu=8.25us dma=3.18us
[quad   ASSS] task=6.47us tu=3.87us dma=2.57us
[quad   SMMM] task=15.93us tu=7.49us dma=7.01us
[quad   SMMA] task=14.68us tu=13.22us dma=4.80us
[quad   SMMS] task=15.36us tu=13.78us dma=4.12us
[quad   SMAM] task=14.96us tu=13.48us dma=4.75us
[quad   SMAA] task=8.85us tu=7.42us dma=4.19us
[quad   SMAS] task=10.36us tu=8.83us dma=3.71us
[quad   SMSM] task=15.39us tu=13.96us dma=3.98us
[quad   SMSA] task=10.58us tu=9.06us dma=3.76us
[quad   SMSS] task=11.24us tu=9.70us dma=2.64us
[quad   SAMM] task=12.56us tu=6.41us dma=5.89us
[quad   SAMA] task=9.05us tu=7.55us dma=4.04us
[quad   SAMS] task=10.04us tu=8.40us dma=3.64us
[quad   SAAM] task=10.42us tu=7.94us dma=4.47us
[quad   SAAA] task=5.61us tu=2.96us dma=4.05us
[quad   SAAS] task=8.06us tu=5.44us dma=3.19us
[quad   SASM] task=9.95us tu=8.44us dma=3.72us
[quad   SASA] task=5.56us tu=3.98us dma=3.49us
[quad   SASS] task=5.39us tu=3.80us dma=2.37us
[quad   SSMM] task=12.98us tu=6.84us dma=4.97us
[quad   SSMA] task=9.86us tu=8.36us dma=3.28us
[quad   SSMS] task=10.39us tu=8.79us dma=2.78us
[quad   SSAM] task=9.75us tu=8.23us dma=3.34us
[quad   SSAA] task=5.69us tu=4.10us dma=3.34us
[quad   SSAS] task=5.41us tu=3.81us dma=2.36us
[quad   SSSM] task=10.52us tu=9.01us dma=2.51us
[quad   SSSA] task=5.51us tu=3.92us dma=2.53us
[quad   SSSS] task=6.24us tu=4.65us dma=1.52us

[DONE] primitive_ladder_tp1_T128_D256_results.csv (120 rows)
SMALL_DONE
