=== typed context chain NPE=1 B=1 T=128 H=1024 F=3584 ops=MASX train<=len3 runs=3 workloads=90 ===
/home/furiosa/바탕화면/pjh/npu_chip_project/.venv/lib/python3.10/site-packages/torch/xpu/__init__.py:62: UserWarning: XPU device count is zero! (Triggered internally at /pytorch/c10/xpu/XPUFunctions.cpp:113.)
  return torch._C._xpu_getDeviceCount()
[0001/0090 train single M       ] states=H->F task=63.72us tu=46.82us dma=43.28us sto=0.00us
[0002/0090 train single A       ] states=H->H task=5.46us tu=0.65us dma=4.76us sto=0.00us
[0003/0090 train single S       ] states=H->H task=5.71us tu=2.23us dma=3.43us sto=0.00us
[0004/0090 train single X       ] states=H->H task=5.85us tu=1.18us dma=4.62us sto=0.00us
[0005/0090 train double MM      ] states=H->F->H task=93.19us tu=77.65us dma=77.28us sto=0.00us
[0006/0090 train double MA      ] states=H->F->F task=65.73us tu=49.01us dma=48.39us sto=0.00us
[0007/0090 train double MS      ] states=H->F->F task=73.94us tu=58.92us dma=44.63us sto=0.00us
[0008/0090 train double MX      ] states=H->F->F task=64.86us tu=46.91us dma=48.16us sto=0.00us
[0009/0090 train double AM      ] states=H->H->F task=68.16us tu=43.18us dma=51.02us sto=0.00us
[0010/0090 train double AA      ] states=H->H->H task=7.03us tu=1.30us dma=6.32us sto=0.00us
[0011/0090 train double AS      ] states=H->H->H task=8.10us tu=2.88us dma=5.17us sto=0.00us
[0012/0090 train double AX      ] states=H->H->H task=7.53us tu=1.83us dma=6.29us sto=0.00us
[0013/0090 train double SM      ] states=H->H->F task=66.45us tu=44.90us dma=49.31us sto=0.00us
[0014/0090 train double SA      ] states=H->H->H task=10.53us tu=6.98us dma=5.22us sto=0.00us
[0015/0090 train double SS      ] states=H->H->H task=10.45us tu=6.97us dma=3.43us sto=0.00us
[0016/0090 train double SX      ] states=H->H->H task=7.25us tu=3.71us dma=5.22us sto=0.00us
[0017/0090 train double XM      ] states=H->H->F task=68.25us tu=43.71us dma=51.12us sto=0.00us
[0018/0090 train double XA      ] states=H->H->H task=7.05us tu=1.83us dma=6.34us sto=0.00us
[0019/0090 train double XS      ] states=H->H->H task=8.62us tu=3.41us dma=5.16us sto=0.00us
[0020/0090 train double XX      ] states=H->H->H task=7.75us tu=2.36us dma=6.52us sto=0.00us
[0021/0090 train triple MMM     ] states=H->F->H->F task=138.04us tu=115.15us dma=117.39us sto=0.00us
[0022/0090 train triple MMA     ] states=H->F->H->H task=94.83us tu=78.44us dma=78.82us sto=0.00us
[0023/0090 train triple MMS     ] states=H->F->H->H task=96.04us tu=80.21us dma=77.59us sto=0.00us
[0024/0090 train triple MMX     ] states=H->F->H->H task=95.15us tu=78.98us dma=78.87us sto=0.00us
[0025/0090 train triple MAM     ] states=H->F->F->H task=101.50us tu=79.58us dma=85.72us sto=0.00us
[0026/0090 train triple MAA     ] states=H->F->F->F task=65.06us tu=46.98us dma=53.32us sto=0.00us
[0027/0090 train triple MAS     ] states=H->F->F->F task=78.42us tu=51.67us dma=56.09us sto=0.00us
[0028/0090 train triple MAX     ] states=H->F->F->F task=66.72us tu=48.84us dma=52.99us sto=0.00us
[0029/0090 train triple MSM     ] states=H->F->F->H task=101.68us tu=86.39us dma=77.37us sto=0.00us
[0030/0090 train triple MSA     ] states=H->F->F->F task=79.35us tu=52.35us dma=56.20us sto=0.00us
[0031/0090 train triple MSS     ] states=H->F->F->F task=82.08us tu=67.05us dma=44.61us sto=0.00us
[0032/0090 train triple MSX     ] states=H->F->F->F task=80.21us tu=53.26us dma=56.08us sto=0.00us
[0033/0090 train triple MXM     ] states=H->F->F->H task=101.70us tu=81.45us dma=85.92us sto=0.00us
[0034/0090 train triple MXA     ] states=H->F->F->F task=66.92us tu=48.84us dma=53.24us sto=0.00us
[0035/0090 train triple MXS     ] states=H->F->F->F task=80.31us tu=53.52us dma=56.12us sto=0.00us
[0036/0090 train triple MXX     ] states=H->F->F->F task=68.74us tu=50.71us dma=53.29us sto=0.00us
[0037/0090 train triple AMM     ] states=H->H->F->H task=94.82us tu=78.65us dma=78.94us sto=0.00us
[0038/0090 train triple AMA     ] states=H->H->F->F task=70.27us tu=45.50us dma=56.76us sto=0.00us
[0039/0090 train triple AMS     ] states=H->H->F->F task=75.74us tu=58.97us dma=46.23us sto=0.00us
[0040/0090 train triple AMX     ] states=H->H->F->F task=72.78us tu=47.62us dma=57.23us sto=0.00us
[0041/0090 train triple AAM     ] states=H->H->H->F task=69.73us tu=43.83us dma=52.59us sto=0.00us
[0042/0090 train triple AAA     ] states=H->H->H->H task=8.95us tu=1.95us dma=8.24us sto=0.00us
[0043/0090 train triple AAS     ] states=H->H->H->H task=9.94us tu=3.52us dma=7.00us sto=0.00us
[0044/0090 train triple AAX     ] states=H->H->H->H task=9.46us tu=2.48us dma=8.22us sto=0.00us
[0045/0090 train triple ASM     ] states=H->H->H->F task=68.11us tu=45.56us dma=50.98us sto=0.00us
[0046/0090 train triple ASA     ] states=H->H->H->H task=9.33us tu=4.10us dma=6.99us sto=0.00us
[0047/0090 train triple ASS     ] states=H->H->H->H task=10.57us tu=5.11us dma=5.16us sto=0.00us
[0048/0090 train triple ASX     ] states=H->H->H->H task=11.38us tu=6.16us dma=7.07us sto=0.00us
[0049/0090 train triple AXM     ] states=H->H->H->F task=69.84us tu=44.36us dma=52.70us sto=0.00us
[0050/0090 train triple AXA     ] states=H->H->H->H task=8.69us tu=2.48us dma=7.98us sto=0.00us
[0051/0090 train triple AXS     ] states=H->H->H->H task=10.57us tu=4.05us dma=7.11us sto=0.00us
[0052/0090 train triple AXX     ] states=H->H->H->H task=9.36us tu=3.01us dma=8.12us sto=0.00us
[0053/0090 train triple SMM     ] states=H->H->F->H task=93.35us tu=81.44us dma=77.46us sto=0.00us
[0054/0090 train triple SMA     ] states=H->H->F->F task=68.85us tu=47.22us dma=55.46us sto=0.00us
[0055/0090 train triple SMS     ] states=H->H->F->F task=79.87us tu=59.50us dma=47.59us sto=0.00us
[0056/0090 train triple SMX     ] states=H->H->F->F task=70.90us tu=49.33us dma=55.30us sto=0.00us
[0057/0090 train triple SAM     ] states=H->H->H->F task=68.68us tu=50.43us dma=51.13us sto=0.00us
[0058/0090 train triple SAA     ] states=H->H->H->H task=13.88us tu=6.04us dma=6.99us sto=0.00us
[0059/0090 train triple SAS     ] states=H->H->H->H task=9.43us tu=5.89us dma=5.22us sto=0.00us
[0060/0090 train triple SAX     ] states=H->H->H->H task=10.41us tu=6.09us dma=6.98us sto=0.00us
[0061/0090 train triple SSM     ] states=H->H->H->F task=66.42us tu=47.26us dma=49.29us sto=0.00us
[0062/0090 train triple SSA     ] states=H->H->H->H task=9.02us tu=5.55us dma=5.21us sto=0.00us
[0063/0090 train triple SSS     ] states=H->H->H->H task=12.47us tu=8.97us dma=3.58us sto=0.00us
[0064/0090 train triple SSX     ] states=H->H->H->H task=12.63us tu=9.12us dma=5.22us sto=0.00us
[0065/0090 train triple SXM     ] states=H->H->H->F task=68.62us tu=50.23us dma=51.17us sto=0.00us
[0066/0090 train triple SXA     ] states=H->H->H->H task=10.58us tu=5.59us dma=7.03us sto=0.00us
[0067/0090 train triple SXS     ] states=H->H->H->H task=9.68us tu=6.14us dma=5.22us sto=0.00us
[0068/0090 train triple SXX     ] states=H->H->H->H task=10.36us tu=5.51us dma=7.03us sto=0.00us
[0069/0090 train triple XMM     ] states=H->H->F->H task=94.77us tu=78.92us dma=78.96us sto=0.00us
[0070/0090 train triple XMA     ] states=H->H->F->F task=70.34us tu=46.03us dma=56.90us sto=0.00us
[0071/0090 train triple XMS     ] states=H->H->F->F task=75.60us tu=59.23us dma=46.10us sto=0.00us
[0072/0090 train triple XMX     ] states=H->H->F->F task=72.45us tu=48.15us dma=56.91us sto=0.00us
[0073/0090 train triple XAM     ] states=H->H->H->F task=69.70us tu=44.36us dma=52.57us sto=0.00us
[0074/0090 train triple XAA     ] states=H->H->H->H task=8.76us tu=2.48us dma=8.05us sto=0.00us
[0075/0090 train triple XAS     ] states=H->H->H->H task=9.91us tu=4.05us dma=6.98us sto=0.00us
[0076/0090 train triple XAX     ] states=H->H->H->H task=9.18us tu=3.01us dma=7.94us sto=0.00us
[0077/0090 train triple XSM     ] states=H->H->H->F task=68.11us tu=46.08us dma=50.98us sto=0.00us
[0078/0090 train triple XSA     ] states=H->H->H->H task=11.21us tu=6.00us dma=6.96us sto=0.00us
[0079/0090 train triple XSS     ] states=H->H->H->H task=11.30us tu=6.09us dma=5.17us sto=0.00us
[0080/0090 train triple XSX     ] states=H->H->H->H task=10.11us tu=4.89us dma=6.98us sto=0.00us
[0081/0090 train triple XXM     ] states=H->H->H->F task=69.78us tu=44.89us dma=52.64us sto=0.00us
[0082/0090 train triple XXA     ] states=H->H->H->H task=8.68us tu=3.01us dma=7.96us sto=0.00us
[0083/0090 train triple XXS     ] states=H->H->H->H task=10.46us tu=4.58us dma=7.00us sto=0.00us
[0084/0090 train triple XXX     ] states=H->H->H->H task=9.22us tu=3.54us dma=7.98us sto=0.00us
[0085/0090 test  quad   MXMA    ] states=H->F->F->H->H task=103.56us tu=82.23us dma=87.54us sto=0.00us
[0086/0090 test  quad   MSMA    ] states=H->F->F->H->H task=102.49us tu=87.20us dma=78.83us sto=0.00us
[0087/0090 test  len6   MXMXMA  ] states=H->F->F->H->H->F->F task=153.31us tu=126.39us dma=133.27us sto=0.00us
[0088/0090 test  len6   MSMSMA  ] states=H->F->F->H->H->F->F task=157.75us tu=139.01us dma=122.73us sto=0.00us
[0089/0090 test  len7   MASXMSM ] states=H->F->F->F->F->H->H->F task=163.58us tu=144.33us dma=140.93us sto=0.00us
[0090/0090 test  len7   MMSMMAM ] states=H->F->H->H->F->H->H->F task=235.09us tu=197.34us dma=193.45us sto=0.00us

[DONE] /home/furiosa/바탕화면/pjh/rngd/profiling/primitive_ladder/typed_context_chain_ladder_tp1_op4_results.csv (90 rows)
TYPED_DONE
