/home/furiosa/바탕화면/pjh/npu_chip_project/.venv/lib/python3.10/site-packages/torch/xpu/__init__.py:62: UserWarning: XPU device count is zero! (Triggered internally at /pytorch/c10/xpu/XPUFunctions.cpp:113.)
  return torch._C._xpu_getDeviceCount()
[decode] rmsnorm_to_q_proj        A+B=178.1us fused=177.8us gap=-0.3us
[decode] rmsnorm_to_gate_proj     A+B=611.1us fused=608.7us gap=-2.5us
[decode] gate_proj_to_activation  A+B=611.2us fused=608.0us gap=-3.2us
[decode] activation_to_swiglu_mul A+B=8.7us fused=5.6us gap=-3.1us
[decode] swiglu_mul_to_down_proj  A+B=608.7us fused=608.3us gap=-0.4us
[decode] down_proj_to_residual    A+B=606.1us fused=603.7us gap=-2.4us
[decode] qk_scores_to_softmax     A+B=992.2us fused=981.0us gap=-11.1us
[decode] softmax_to_av_context    A+B=982.6us fused=964.8us gap=-17.8us
[prefill] rmsnorm_to_q_proj        A+B=2461.9us fused=2409.9us gap=-52.0us
[prefill] rmsnorm_to_gate_proj     A+B=10237.0us fused=10116.9us gap=-120.1us
[prefill] gate_proj_to_activation  A+B=10587.6us fused=10102.4us gap=-485.2us
[prefill] activation_to_swiglu_mul A+B=1323.1us fused=792.7us gap=-530.5us
[prefill] swiglu_mul_to_down_proj  A+B=9476.2us fused=8910.5us gap=-565.7us
[prefill] down_proj_to_residual    A+B=8926.8us fused=8714.1us gap=-212.7us
[prefill] qk_scores_to_softmax     A+B=4203.9us fused=6350.8us gap=+2146.9us
[prefill] softmax_to_av_context    A+B=4288.9us fused=7572.9us gap=+3284.0us

[DONE] /home/furiosa/바탕화면/pjh/rngd/profiling/adjacent_operator_pairs_results.csv (16 rows)
ADJ_DONE
