=== [1] 01/mm_add ===
/home/furiosa/바탕화면/pjh/npu_chip_project/.venv/lib/python3.10/site-packages/torch/xpu/__init__.py:62: UserWarning: XPU device count is zero! (Triggered internally at /pytorch/c10/xpu/XPUFunctions.cpp:113.)
  return torch._C._xpu_getDeviceCount()
[S=128] A+B=215.8us fused=201.9us gap=-13.9us ratio=0.936
[S=256] A+B=345.6us fused=319.7us gap=-25.9us ratio=0.925
[S=512] A+B=727.9us fused=664.8us gap=-63.1us ratio=0.913
[S=1024] A+B=1356.7us fused=1256.9us gap=-99.8us ratio=0.926
[S=2048] A+B=2540.6us fused=2323.2us gap=-217.4us ratio=0.914

[DONE] /home/furiosa/바탕화면/pjh/rngd/profiling/shape_sweep/01_pure_kernel/mm_add_shape_sweep_results.csv (5 rows)
=== [2] 02/o_proj_operator ===
/home/furiosa/바탕화면/pjh/npu_chip_project/.venv/lib/python3.10/site-packages/torch/xpu/__init__.py:62: UserWarning: XPU device count is zero! (Triggered internally at /pytorch/c10/xpu/XPUFunctions.cpp:113.)
  return torch._C._xpu_getDeviceCount()
[S=128] o_proj=199.2us residual=17.2us sum=216.4us
[S=256] o_proj=308.5us residual=36.8us sum=345.3us
[S=512] o_proj=656.8us residual=71.2us sum=728.1us
[S=1024] o_proj=1229.6us residual=125.6us sum=1355.2us
[S=2048] o_proj=2289.7us residual=251.0us sum=2540.7us

[DONE] /home/furiosa/바탕화면/pjh/rngd/profiling/shape_sweep/02_operator_with_layout/o_proj_operator_shape_sweep_results.csv (5 rows)
=== [3] 03/o_proj_residual ===
/home/furiosa/바탕화면/pjh/npu_chip_project/.venv/lib/python3.10/site-packages/torch/xpu/__init__.py:62: UserWarning: XPU device count is zero! (Triggered internally at /pytorch/c10/xpu/XPUFunctions.cpp:113.)
  return torch._C._xpu_getDeviceCount()
[S=128] o_proj_to_residual_add=202.6us
[S=256] o_proj_to_residual_add=319.8us
[S=512] o_proj_to_residual_add=665.1us
[S=1024] o_proj_to_residual_add=1255.2us
[S=2048] o_proj_to_residual_add=2323.0us

[DONE] /home/furiosa/바탕화면/pjh/rngd/profiling/shape_sweep/03_operator_pair_fusion/o_proj_residual_shape_sweep_results.csv (5 rows)
CHAIN_B_DONE
